<?xml version="1.0" encoding="UTF-8"?>
<!-- Generated by org.testng.reporters.JUnitReportReporter -->
<testsuite skipped="0" hostname="VinuRS" name="com.selenium.maven.Sample2Test" tests="1" failures="0" timestamp="2021-02-17T11:31:22 IST" time="7.748" errors="0">
  <testcase name="sample2" time="7.748" classname="com.selenium.maven.Sample2Test"/>
  <system-out/>
</testsuite> <!-- com.selenium.maven.Sample2Test -->
