<?xml version="1.0" encoding="UTF-8"?>
<!-- Generated by org.testng.reporters.JUnitReportReporter -->
<testsuite skipped="0" hostname="VinuRS" name="com.selenium.maven.Sample1Test" tests="1" failures="0" timestamp="2021-02-20T12:59:37 IST" time="11.232" errors="0">
  <testcase name="sample1" time="11.232" classname="com.selenium.maven.Sample1Test"/>
  <system-out/>
</testsuite> <!-- com.selenium.maven.Sample1Test -->
