<?xml version="1.0" encoding="UTF-8"?>
<!-- Generated by org.testng.reporters.JUnitReportReporter -->
<testsuite skipped="0" hostname="VinuRS" name="com.selenium.maven.Sample2Test" tests="1" failures="0" timestamp="2021-02-20T12:59:37 IST" time="53.950" errors="0">
  <testcase name="sample2" time="53.950" classname="com.selenium.maven.Sample2Test"/>
  <system-out/>
</testsuite> <!-- com.selenium.maven.Sample2Test -->
